{"timestamp":"2025-11-18T23:25:00.517538Z","level":"info","event":"DAG bundles loaded: dags-folder, example_dags","logger":"airflow.dag_processing.bundles.manager.DagBundlesManager","filename":"manager.py","lineno":179}
{"timestamp":"2025-11-18T23:25:00.518585Z","level":"info","event":"Filling up the DagBag from /opt/airflow/dags/energy_etl_dag.py","logger":"airflow.models.dagbag.DagBag","filename":"dagbag.py","lineno":593}
{"timestamp":"2025-11-18T23:25:00.548352Z","level":"warning","event":"The `airflow.operators.python.PythonOperator` attribute is deprecated. Please use `'airflow.providers.standard.operators.python.PythonOperator'`.","category":"DeprecatedImportWarning","filename":"/opt/airflow/dags/energy_etl_dag.py","lineno":8,"logger":"py.warnings"}
{"timestamp":"2025-11-18T23:25:00.566462Z","level":"info","event":"Task instance is in running state","logger":"task.stdout"}
{"timestamp":"2025-11-18T23:25:00.566887Z","level":"info","event":" Previous state of the Task instance: TaskInstanceState.QUEUED","logger":"task.stdout"}
{"timestamp":"2025-11-18T23:25:00.567205Z","level":"info","event":"Current task name:load_postgres","logger":"task.stdout"}
{"timestamp":"2025-11-18T23:25:00.567433Z","level":"info","event":"Dag name:energy_data_etl_pipeline","logger":"task.stdout"}
{"timestamp":"2025-11-18T23:25:00.593276Z","level":"info","event":"✓ Using Airflow connection: postgres_energy_data","logger":"task.stdout"}
{"timestamp":"2025-11-18T23:25:00.602573Z","level":"info","event":"","logger":"task.stdout"}
{"timestamp":"2025-11-18T23:25:00.603001Z","level":"info","event":"Loading: co2_emissions -> cleaned_co2_emissions","logger":"task.stdout"}
{"timestamp":"2025-11-18T23:25:00.637921Z","level":"info","event":"  Rows: 29,384","logger":"task.stdout"}
{"timestamp":"2025-11-18T23:25:00.638689Z","level":"info","event":"  Columns: 8","logger":"task.stdout"}
{"timestamp":"2025-11-18T23:25:05.268939Z","level":"info","event":"  ✓ Loaded 29,384 rows to table 'cleaned_co2_emissions'","logger":"task.stdout"}
{"timestamp":"2025-11-18T23:25:05.269378Z","level":"info","event":"","logger":"task.stdout"}
{"timestamp":"2025-11-18T23:25:05.269680Z","level":"info","event":"Loading: electricity_production -> cleaned_electricity_production","logger":"task.stdout"}
{"timestamp":"2025-11-18T23:25:05.275633Z","level":"info","event":"  Rows: 6,917","logger":"task.stdout"}
{"timestamp":"2025-11-18T23:25:05.276035Z","level":"info","event":"  Columns: 16","logger":"task.stdout"}
{"timestamp":"2025-11-18T23:25:07.677542Z","level":"info","event":"  ✓ Loaded 6,917 rows to table 'cleaned_electricity_production'","logger":"task.stdout"}
{"timestamp":"2025-11-18T23:25:07.677921Z","level":"info","event":"","logger":"task.stdout"}
{"timestamp":"2025-11-18T23:25:07.678176Z","level":"info","event":"Loading: oil_production -> cleaned_oil_production","logger":"task.stdout"}
{"timestamp":"2025-11-18T23:25:07.689508Z","level":"info","event":"  Rows: 750","logger":"task.stdout"}
{"timestamp":"2025-11-18T23:25:07.690021Z","level":"info","event":"  Columns: 8","logger":"task.stdout"}
{"timestamp":"2025-11-18T23:25:07.779293Z","level":"info","event":"  ✓ Loaded 750 rows to table 'cleaned_oil_production'","logger":"task.stdout"}
{"timestamp":"2025-11-18T23:25:07.779776Z","level":"info","event":"","logger":"task.stdout"}
{"timestamp":"2025-11-18T23:25:07.780274Z","level":"info","event":"Loading: energy_prod_cons -> cleaned_energy_prod_cons","logger":"task.stdout"}
{"timestamp":"2025-11-18T23:25:07.783521Z","level":"info","event":"  Rows: 1,113","logger":"task.stdout"}
{"timestamp":"2025-11-18T23:25:07.783897Z","level":"info","event":"  Columns: 9","logger":"task.stdout"}
{"timestamp":"2025-11-18T23:25:08.170583Z","level":"info","event":"  ✓ Loaded 1,113 rows to table 'cleaned_energy_prod_cons'","logger":"task.stdout"}
{"timestamp":"2025-11-18T23:25:08.184050Z","level":"info","event":"Done. Returned value was: Loaded 4 datasets to PostgreSQL","logger":"airflow.task.operators.airflow.providers.standard.operators.python.PythonOperator","filename":"python.py","lineno":218}
{"timestamp":"2025-11-18T23:25:08.184343Z","level":"info","event":"Pushing xcom","ti":"RuntimeTaskInstance(id=UUID('019a9949-1baf-7c77-8778-79a79eadd2d1'), task_id='load_postgres', dag_id='energy_data_etl_pipeline', run_id='manual__2025-11-18T23:24:55.625488+00:00_53aIaNEV', try_number=1, dag_version_id=UUID('019a9948-8d0c-702d-860f-747d3824b634'), map_index=-1, hostname='f2abada7ff7c', context_carrier={}, task=<Task(PythonOperator): load_postgres>, bundle_instance=LocalDagBundle(name=dags-folder), max_tries=1, start_date=datetime.datetime(2025, 11, 18, 23, 25, 0, 66509, tzinfo=datetime.timezone.utc), end_date=None, state=<TaskInstanceState.RUNNING: 'running'>, is_mapped=False, rendered_map_index=None)","logger":"task","filename":"task_runner.py","lineno":1352}
{"timestamp":"2025-11-18T23:25:08.210962Z","level":"info","event":"Task instance in success state","logger":"task.stdout"}
{"timestamp":"2025-11-18T23:25:08.211368Z","level":"info","event":" Previous state of the Task instance: TaskInstanceState.RUNNING","logger":"task.stdout"}
{"timestamp":"2025-11-18T23:25:08.211794Z","level":"info","event":"Task operator:<Task(PythonOperator): load_postgres>","logger":"task.stdout"}
