{"timestamp":"2025-11-19T01:10:35.081349Z","level":"info","event":"DAG bundles loaded: dags-folder, example_dags","logger":"airflow.dag_processing.bundles.manager.DagBundlesManager","filename":"manager.py","lineno":179}
{"timestamp":"2025-11-19T01:10:35.083822Z","level":"info","event":"Filling up the DagBag from /opt/airflow/dags/energy_etl_dag.py","logger":"airflow.models.dagbag.DagBag","filename":"dagbag.py","lineno":593}
{"timestamp":"2025-11-19T01:10:35.247603Z","level":"warning","event":"The `airflow.operators.python.PythonOperator` attribute is deprecated. Please use `'airflow.providers.standard.operators.python.PythonOperator'`.","category":"DeprecatedImportWarning","filename":"/opt/airflow/dags/energy_etl_dag.py","lineno":8,"logger":"py.warnings"}
{"timestamp":"2025-11-19T01:10:35.321003Z","level":"info","event":"Task instance is in running state","logger":"task.stdout"}
{"timestamp":"2025-11-19T01:10:35.323085Z","level":"info","event":" Previous state of the Task instance: TaskInstanceState.QUEUED","logger":"task.stdout"}
{"timestamp":"2025-11-19T01:10:35.325022Z","level":"info","event":"Current task name:load_data","logger":"task.stdout"}
{"timestamp":"2025-11-19T01:10:35.326021Z","level":"info","event":"Dag name:energy_data_etl_pipeline","logger":"task.stdout"}
{"timestamp":"2025-11-19T01:10:35.410666Z","level":"info","event":"✓ Loaded co2_emissions: 29384 rows, 4 columns","logger":"task.stdout"}
{"timestamp":"2025-11-19T01:10:35.419931Z","level":"info","event":"✓ Metadata loaded for co2_emissions","logger":"task.stdout"}
{"timestamp":"2025-11-19T01:10:35.460444Z","level":"info","event":"✓ Loaded electricity_production: 6917 rows, 12 columns","logger":"task.stdout"}
{"timestamp":"2025-11-19T01:10:35.469502Z","level":"info","event":"✓ Metadata loaded for electricity_production","logger":"task.stdout"}
{"timestamp":"2025-11-19T01:10:35.481202Z","level":"info","event":"✓ Loaded oil_production: 750 rows, 4 columns","logger":"task.stdout"}
{"timestamp":"2025-11-19T01:10:35.490712Z","level":"info","event":"✓ Metadata loaded for oil_production","logger":"task.stdout"}
{"timestamp":"2025-11-19T01:10:35.502795Z","level":"info","event":"✓ Loaded energy_prod_cons: 1113 rows, 5 columns","logger":"task.stdout"}
{"timestamp":"2025-11-19T01:10:35.511546Z","level":"info","event":"✗ Error loading energy_prod_cons: Unexpected UTF-8 BOM (decode using utf-8-sig): line 1 column 1 (char 0)","logger":"task.stdout"}
{"timestamp":"2025-11-19T01:10:35.511618Z","level":"error","event":"Task failed with exception","logger":"task","filename":"task_runner.py","lineno":994,"error_detail":[{"exc_type":"JSONDecodeError","exc_value":"Unexpected UTF-8 BOM (decode using utf-8-sig): line 1 column 1 (char 0)","exc_notes":[],"syntax_error":null,"is_cause":false,"frames":[{"filename":"/home/airflow/.local/lib/python3.12/site-packages/airflow/sdk/execution_time/task_runner.py","lineno":920,"name":"run"},{"filename":"/home/airflow/.local/lib/python3.12/site-packages/airflow/sdk/execution_time/task_runner.py","lineno":1307,"name":"_execute_task"},{"filename":"/home/airflow/.local/lib/python3.12/site-packages/airflow/sdk/bases/operator.py","lineno":416,"name":"wrapper"},{"filename":"/home/airflow/.local/lib/python3.12/site-packages/airflow/providers/standard/operators/python.py","lineno":216,"name":"execute"},{"filename":"/home/airflow/.local/lib/python3.12/site-packages/airflow/providers/standard/operators/python.py","lineno":239,"name":"execute_callable"},{"filename":"/home/airflow/.local/lib/python3.12/site-packages/airflow/sdk/execution_time/callback_runner.py","lineno":82,"name":"run"},{"filename":"/opt/airflow/dags/energy_etl_dag.py","lineno":75,"name":"load_data_and_metadata"},{"filename":"/usr/python/lib/python3.12/json/__init__.py","lineno":293,"name":"load"},{"filename":"/usr/python/lib/python3.12/json/__init__.py","lineno":335,"name":"loads"}],"is_group":false,"exceptions":[]}]}
{"timestamp":"2025-11-19T01:10:35.601954Z","level":"info","event":"Task instance in failure state","logger":"task.stdout"}
{"timestamp":"2025-11-19T01:10:35.603244Z","level":"info","event":"Task start","logger":"task.stdout"}
{"timestamp":"2025-11-19T01:10:35.605330Z","level":"info","event":"Task:<Task(PythonOperator): load_data>","logger":"task.stdout"}
{"timestamp":"2025-11-19T01:10:35.606617Z","level":"info","event":"Failure caused by Unexpected UTF-8 BOM (decode using utf-8-sig): line 1 column 1 (char 0)","logger":"task.stdout"}
