{"timestamp":"2025-12-02T18:26:01.963019Z","level":"info","event":"DAG bundles loaded: dags-folder, example_dags","logger":"airflow.dag_processing.bundles.manager.DagBundlesManager","filename":"manager.py","lineno":179}
{"timestamp":"2025-12-02T18:26:01.964717Z","level":"info","event":"Filling up the DagBag from /opt/airflow/dags/energy_etl_dag.py","logger":"airflow.models.dagbag.DagBag","filename":"dagbag.py","lineno":593}
{"timestamp":"2025-12-02T18:26:02.005835Z","level":"warning","event":"The `airflow.operators.python.PythonOperator` attribute is deprecated. Please use `'airflow.providers.standard.operators.python.PythonOperator'`.","category":"DeprecatedImportWarning","filename":"/opt/airflow/dags/energy_etl_dag.py","lineno":8,"logger":"py.warnings"}
{"timestamp":"2025-12-02T18:26:02.032947Z","level":"info","event":"Task instance is in running state","logger":"task.stdout"}
{"timestamp":"2025-12-02T18:26:02.034082Z","level":"info","event":" Previous state of the Task instance: TaskInstanceState.QUEUED","logger":"task.stdout"}
{"timestamp":"2025-12-02T18:26:02.035718Z","level":"info","event":"Current task name:clean_transform","logger":"task.stdout"}
{"timestamp":"2025-12-02T18:26:02.036441Z","level":"info","event":"Dag name:energy_data_etl_pipeline","logger":"task.stdout"}
{"timestamp":"2025-12-02T18:26:02.054258Z","level":"info","event":"","logger":"task.stdout"}
{"timestamp":"2025-12-02T18:26:02.055092Z","level":"info","event":"============================================================","logger":"task.stdout"}
{"timestamp":"2025-12-02T18:26:02.062691Z","level":"info","event":"Cleaning: co2_emissions","logger":"task.stdout"}
{"timestamp":"2025-12-02T18:26:02.063745Z","level":"info","event":"============================================================","logger":"task.stdout"}
{"timestamp":"2025-12-02T18:26:02.251769Z","level":"info","event":"✓ Cleaned co2_emissions: 29384 rows (removed 0)","logger":"task.stdout"}
{"timestamp":"2025-12-02T18:26:02.254315Z","level":"info","event":"","logger":"task.stdout"}
{"timestamp":"2025-12-02T18:26:02.255444Z","level":"info","event":"============================================================","logger":"task.stdout"}
{"timestamp":"2025-12-02T18:26:02.256101Z","level":"info","event":"Cleaning: electricity_production","logger":"task.stdout"}
{"timestamp":"2025-12-02T18:26:02.256674Z","level":"info","event":"============================================================","logger":"task.stdout"}
{"timestamp":"2025-12-02T18:26:02.310651Z","level":"info","event":"✓ Cleaned electricity_production: 6917 rows (removed 0)","logger":"task.stdout"}
{"timestamp":"2025-12-02T18:26:02.314199Z","level":"info","event":"","logger":"task.stdout"}
{"timestamp":"2025-12-02T18:26:02.314790Z","level":"info","event":"============================================================","logger":"task.stdout"}
{"timestamp":"2025-12-02T18:26:02.315274Z","level":"info","event":"Cleaning: oil_production","logger":"task.stdout"}
{"timestamp":"2025-12-02T18:26:02.315722Z","level":"info","event":"============================================================","logger":"task.stdout"}
{"timestamp":"2025-12-02T18:26:02.327608Z","level":"info","event":"✓ Cleaned oil_production: 750 rows (removed 0)","logger":"task.stdout"}
{"timestamp":"2025-12-02T18:26:02.330118Z","level":"info","event":"","logger":"task.stdout"}
{"timestamp":"2025-12-02T18:26:02.330656Z","level":"info","event":"============================================================","logger":"task.stdout"}
{"timestamp":"2025-12-02T18:26:02.331221Z","level":"info","event":"Cleaning: energy_prod_cons","logger":"task.stdout"}
{"timestamp":"2025-12-02T18:26:02.331731Z","level":"info","event":"============================================================","logger":"task.stdout"}
{"timestamp":"2025-12-02T18:26:02.349374Z","level":"info","event":"✓ Cleaned energy_prod_cons: 1113 rows (removed 0)","logger":"task.stdout"}
{"timestamp":"2025-12-02T18:26:02.394149Z","level":"info","event":"Done. Returned value was: Cleaned 4 datasets","logger":"airflow.task.operators.airflow.providers.standard.operators.python.PythonOperator","filename":"python.py","lineno":218}
{"timestamp":"2025-12-02T18:26:02.394663Z","level":"info","event":"Pushing xcom","ti":"RuntimeTaskInstance(id=UUID('019ae050-2143-79fd-8f22-cfeddd7f70cc'), task_id='clean_transform', dag_id='energy_data_etl_pipeline', run_id='scheduled__2025-12-02T00:00:00+00:00', try_number=1, dag_version_id=UUID('019a9aca-b799-7da3-8010-67e03a11011b'), map_index=-1, hostname='79cd41a900cb', context_carrier={}, task=<Task(PythonOperator): clean_transform>, bundle_instance=LocalDagBundle(name=dags-folder), max_tries=1, start_date=datetime.datetime(2025, 12, 2, 18, 26, 1, 205038, tzinfo=datetime.timezone.utc), end_date=None, state=<TaskInstanceState.RUNNING: 'running'>, is_mapped=False, rendered_map_index=None)","logger":"task","filename":"task_runner.py","lineno":1352}
{"timestamp":"2025-12-02T18:26:02.432816Z","level":"info","event":"Task instance in success state","logger":"task.stdout"}
{"timestamp":"2025-12-02T18:26:02.433308Z","level":"info","event":" Previous state of the Task instance: TaskInstanceState.RUNNING","logger":"task.stdout"}
{"timestamp":"2025-12-02T18:26:02.433669Z","level":"info","event":"Task operator:<Task(PythonOperator): clean_transform>","logger":"task.stdout"}
