{"timestamp":"2025-11-19T01:16:12.041808Z","level":"info","event":"DAG bundles loaded: dags-folder, example_dags","logger":"airflow.dag_processing.bundles.manager.DagBundlesManager","filename":"manager.py","lineno":179}
{"timestamp":"2025-11-19T01:16:12.043468Z","level":"info","event":"Filling up the DagBag from /opt/airflow/dags/energy_etl_dag.py","logger":"airflow.models.dagbag.DagBag","filename":"dagbag.py","lineno":593}
{"timestamp":"2025-11-19T01:16:12.115406Z","level":"warning","event":"The `airflow.operators.python.PythonOperator` attribute is deprecated. Please use `'airflow.providers.standard.operators.python.PythonOperator'`.","category":"DeprecatedImportWarning","filename":"/opt/airflow/dags/energy_etl_dag.py","lineno":8,"logger":"py.warnings"}
{"timestamp":"2025-11-19T01:16:12.153797Z","level":"info","event":"Task instance is in running state","logger":"task.stdout"}
{"timestamp":"2025-11-19T01:16:12.154676Z","level":"info","event":" Previous state of the Task instance: TaskInstanceState.QUEUED","logger":"task.stdout"}
{"timestamp":"2025-11-19T01:16:12.155530Z","level":"info","event":"Current task name:load_data","logger":"task.stdout"}
{"timestamp":"2025-11-19T01:16:12.156308Z","level":"info","event":"Dag name:energy_data_etl_pipeline","logger":"task.stdout"}
{"timestamp":"2025-11-19T01:16:12.205886Z","level":"info","event":"✓ Loaded co2_emissions: 29384 rows, 4 columns","logger":"task.stdout"}
{"timestamp":"2025-11-19T01:16:12.220616Z","level":"info","event":"✓ Metadata loaded for co2_emissions","logger":"task.stdout"}
{"timestamp":"2025-11-19T01:16:12.251087Z","level":"info","event":"✓ Loaded electricity_production: 6917 rows, 12 columns","logger":"task.stdout"}
{"timestamp":"2025-11-19T01:16:12.267344Z","level":"info","event":"✓ Metadata loaded for electricity_production","logger":"task.stdout"}
{"timestamp":"2025-11-19T01:16:12.283664Z","level":"info","event":"✓ Loaded oil_production: 750 rows, 4 columns","logger":"task.stdout"}
{"timestamp":"2025-11-19T01:16:12.301262Z","level":"info","event":"✓ Metadata loaded for oil_production","logger":"task.stdout"}
{"timestamp":"2025-11-19T01:16:12.318424Z","level":"info","event":"✓ Loaded energy_prod_cons: 1113 rows, 5 columns","logger":"task.stdout"}
{"timestamp":"2025-11-19T01:16:12.330126Z","level":"info","event":"✗ Error loading energy_prod_cons: Unexpected UTF-8 BOM (decode using utf-8-sig): line 1 column 1 (char 0)","logger":"task.stdout"}
{"timestamp":"2025-11-19T01:16:12.330072Z","level":"error","event":"Task failed with exception","logger":"task","filename":"task_runner.py","lineno":994,"error_detail":[{"exc_type":"JSONDecodeError","exc_value":"Unexpected UTF-8 BOM (decode using utf-8-sig): line 1 column 1 (char 0)","exc_notes":[],"syntax_error":null,"is_cause":false,"frames":[{"filename":"/home/airflow/.local/lib/python3.12/site-packages/airflow/sdk/execution_time/task_runner.py","lineno":920,"name":"run"},{"filename":"/home/airflow/.local/lib/python3.12/site-packages/airflow/sdk/execution_time/task_runner.py","lineno":1307,"name":"_execute_task"},{"filename":"/home/airflow/.local/lib/python3.12/site-packages/airflow/sdk/bases/operator.py","lineno":416,"name":"wrapper"},{"filename":"/home/airflow/.local/lib/python3.12/site-packages/airflow/providers/standard/operators/python.py","lineno":216,"name":"execute"},{"filename":"/home/airflow/.local/lib/python3.12/site-packages/airflow/providers/standard/operators/python.py","lineno":239,"name":"execute_callable"},{"filename":"/home/airflow/.local/lib/python3.12/site-packages/airflow/sdk/execution_time/callback_runner.py","lineno":82,"name":"run"},{"filename":"/opt/airflow/dags/energy_etl_dag.py","lineno":75,"name":"load_data_and_metadata"},{"filename":"/usr/python/lib/python3.12/json/__init__.py","lineno":293,"name":"load"},{"filename":"/usr/python/lib/python3.12/json/__init__.py","lineno":335,"name":"loads"}],"is_group":false,"exceptions":[]}]}
{"timestamp":"2025-11-19T01:16:12.332461Z","level":"info","event":"Task instance in failure state","logger":"task.stdout"}
{"timestamp":"2025-11-19T01:16:12.333601Z","level":"info","event":"Task start","logger":"task.stdout"}
{"timestamp":"2025-11-19T01:16:12.334895Z","level":"info","event":"Task:<Task(PythonOperator): load_data>","logger":"task.stdout"}
{"timestamp":"2025-11-19T01:16:12.335744Z","level":"info","event":"Failure caused by Unexpected UTF-8 BOM (decode using utf-8-sig): line 1 column 1 (char 0)","logger":"task.stdout"}
