{"timestamp":"2025-12-03T00:00:12.675018Z","level":"info","event":"DAG bundles loaded: dags-folder, example_dags","logger":"airflow.dag_processing.bundles.manager.DagBundlesManager","filename":"manager.py","lineno":179}
{"timestamp":"2025-12-03T00:00:12.677946Z","level":"info","event":"Filling up the DagBag from /opt/airflow/dags/energy_etl_dag.py","logger":"airflow.models.dagbag.DagBag","filename":"dagbag.py","lineno":593}
{"timestamp":"2025-12-03T00:00:12.803234Z","level":"warning","event":"The `airflow.operators.python.PythonOperator` attribute is deprecated. Please use `'airflow.providers.standard.operators.python.PythonOperator'`.","category":"DeprecatedImportWarning","filename":"/opt/airflow/dags/energy_etl_dag.py","lineno":8,"logger":"py.warnings"}
{"timestamp":"2025-12-03T00:00:12.850402Z","level":"info","event":"Task instance is in running state","logger":"task.stdout"}
{"timestamp":"2025-12-03T00:00:12.851108Z","level":"info","event":" Previous state of the Task instance: TaskInstanceState.QUEUED","logger":"task.stdout"}
{"timestamp":"2025-12-03T00:00:12.851600Z","level":"info","event":"Current task name:load_postgres","logger":"task.stdout"}
{"timestamp":"2025-12-03T00:00:12.852091Z","level":"info","event":"Dag name:energy_data_etl_pipeline","logger":"task.stdout"}
{"timestamp":"2025-12-03T00:00:12.921194Z","level":"info","event":"✓ Using Airflow connection: postgres_energy_data","logger":"task.stdout"}
{"timestamp":"2025-12-03T00:00:12.945959Z","level":"info","event":"","logger":"task.stdout"}
{"timestamp":"2025-12-03T00:00:12.975306Z","level":"info","event":"Loading: co2_emissions -> cleaned_co2_emissions","logger":"task.stdout"}
{"timestamp":"2025-12-03T00:00:13.255661Z","level":"info","event":"  Rows: 29,384","logger":"task.stdout"}
{"timestamp":"2025-12-03T00:00:13.262735Z","level":"info","event":"  Columns: 9","logger":"task.stdout"}
{"timestamp":"2025-12-03T00:00:26.671342Z","level":"info","event":"  ✓ Loaded 29,384 rows to table 'cleaned_co2_emissions'","logger":"task.stdout"}
{"timestamp":"2025-12-03T00:00:26.672536Z","level":"info","event":"","logger":"task.stdout"}
{"timestamp":"2025-12-03T00:00:26.672912Z","level":"info","event":"Loading: electricity_production -> cleaned_electricity_production","logger":"task.stdout"}
{"timestamp":"2025-12-03T00:00:26.680597Z","level":"info","event":"  Rows: 6,917","logger":"task.stdout"}
{"timestamp":"2025-12-03T00:00:26.681076Z","level":"info","event":"  Columns: 17","logger":"task.stdout"}
{"timestamp":"2025-12-03T00:00:28.954225Z","level":"info","event":"  ✓ Loaded 6,917 rows to table 'cleaned_electricity_production'","logger":"task.stdout"}
{"timestamp":"2025-12-03T00:00:28.954628Z","level":"info","event":"","logger":"task.stdout"}
{"timestamp":"2025-12-03T00:00:28.954999Z","level":"info","event":"Loading: oil_production -> cleaned_oil_production","logger":"task.stdout"}
{"timestamp":"2025-12-03T00:00:28.985976Z","level":"info","event":"  Rows: 750","logger":"task.stdout"}
{"timestamp":"2025-12-03T00:00:28.986631Z","level":"info","event":"  Columns: 9","logger":"task.stdout"}
{"timestamp":"2025-12-03T00:00:29.259779Z","level":"info","event":"  ✓ Loaded 750 rows to table 'cleaned_oil_production'","logger":"task.stdout"}
{"timestamp":"2025-12-03T00:00:29.260360Z","level":"info","event":"","logger":"task.stdout"}
{"timestamp":"2025-12-03T00:00:29.260841Z","level":"info","event":"Loading: energy_prod_cons -> cleaned_energy_prod_cons","logger":"task.stdout"}
{"timestamp":"2025-12-03T00:00:29.263895Z","level":"info","event":"  Rows: 1,113","logger":"task.stdout"}
{"timestamp":"2025-12-03T00:00:29.264389Z","level":"info","event":"  Columns: 10","logger":"task.stdout"}
{"timestamp":"2025-12-03T00:00:29.601680Z","level":"info","event":"  ✓ Loaded 1,113 rows to table 'cleaned_energy_prod_cons'","logger":"task.stdout"}
{"timestamp":"2025-12-03T00:00:29.658898Z","level":"info","event":"Done. Returned value was: Loaded 4 datasets to PostgreSQL","logger":"airflow.task.operators.airflow.providers.standard.operators.python.PythonOperator","filename":"python.py","lineno":218}
{"timestamp":"2025-12-03T00:00:29.659409Z","level":"info","event":"Pushing xcom","ti":"RuntimeTaskInstance(id=UUID('019ae182-3cd1-754c-ae51-aa68f343c4af'), task_id='load_postgres', dag_id='energy_data_etl_pipeline', run_id='scheduled__2025-12-03T00:00:00+00:00', try_number=1, dag_version_id=UUID('019a9aca-b799-7da3-8010-67e03a11011b'), map_index=-1, hostname='79cd41a900cb', context_carrier={}, task=<Task(PythonOperator): load_postgres>, bundle_instance=LocalDagBundle(name=dags-folder), max_tries=1, start_date=datetime.datetime(2025, 12, 3, 0, 0, 11, 930293, tzinfo=datetime.timezone.utc), end_date=None, state=<TaskInstanceState.RUNNING: 'running'>, is_mapped=False, rendered_map_index=None)","logger":"task","filename":"task_runner.py","lineno":1352}
{"timestamp":"2025-12-03T00:00:29.717644Z","level":"info","event":"Task instance in success state","logger":"task.stdout"}
{"timestamp":"2025-12-03T00:00:29.718152Z","level":"info","event":" Previous state of the Task instance: TaskInstanceState.RUNNING","logger":"task.stdout"}
{"timestamp":"2025-12-03T00:00:29.720526Z","level":"info","event":"Task operator:<Task(PythonOperator): load_postgres>","logger":"task.stdout"}
