{"timestamp":"2025-12-02T18:31:11.247554Z","level":"info","event":"DAG bundles loaded: dags-folder, example_dags","logger":"airflow.dag_processing.bundles.manager.DagBundlesManager","filename":"manager.py","lineno":179}
{"timestamp":"2025-12-02T18:31:11.249144Z","level":"info","event":"Filling up the DagBag from /opt/airflow/dags/energy_etl_dag.py","logger":"airflow.models.dagbag.DagBag","filename":"dagbag.py","lineno":593}
{"timestamp":"2025-12-02T18:31:11.295928Z","level":"warning","event":"The `airflow.operators.python.PythonOperator` attribute is deprecated. Please use `'airflow.providers.standard.operators.python.PythonOperator'`.","category":"DeprecatedImportWarning","filename":"/opt/airflow/dags/energy_etl_dag.py","lineno":8,"logger":"py.warnings"}
{"timestamp":"2025-12-02T18:31:11.319559Z","level":"info","event":"Task instance is in running state","logger":"task.stdout"}
{"timestamp":"2025-12-02T18:31:11.320108Z","level":"info","event":" Previous state of the Task instance: TaskInstanceState.QUEUED","logger":"task.stdout"}
{"timestamp":"2025-12-02T18:31:11.320494Z","level":"info","event":"Current task name:load_postgres","logger":"task.stdout"}
{"timestamp":"2025-12-02T18:31:11.320853Z","level":"info","event":"Dag name:energy_data_etl_pipeline","logger":"task.stdout"}
{"timestamp":"2025-12-02T18:31:11.339723Z","level":"info","event":"✓ Using Airflow connection: postgres_energy_data","logger":"task.stdout"}
{"timestamp":"2025-12-02T18:31:11.353286Z","level":"info","event":"","logger":"task.stdout"}
{"timestamp":"2025-12-02T18:31:11.353669Z","level":"info","event":"Loading: co2_emissions -> cleaned_co2_emissions","logger":"task.stdout"}
{"timestamp":"2025-12-02T18:31:11.399981Z","level":"info","event":"  Rows: 29,384","logger":"task.stdout"}
{"timestamp":"2025-12-02T18:31:11.400570Z","level":"info","event":"  Columns: 9","logger":"task.stdout"}
{"timestamp":"2025-12-02T18:31:17.475200Z","level":"info","event":"  ✓ Loaded 29,384 rows to table 'cleaned_co2_emissions'","logger":"task.stdout"}
{"timestamp":"2025-12-02T18:31:17.476782Z","level":"info","event":"","logger":"task.stdout"}
{"timestamp":"2025-12-02T18:31:17.479916Z","level":"info","event":"Loading: electricity_production -> cleaned_electricity_production","logger":"task.stdout"}
{"timestamp":"2025-12-02T18:31:17.483307Z","level":"info","event":"  Rows: 6,917","logger":"task.stdout"}
{"timestamp":"2025-12-02T18:31:17.483838Z","level":"info","event":"  Columns: 17","logger":"task.stdout"}
{"timestamp":"2025-12-02T18:31:19.929051Z","level":"info","event":"  ✓ Loaded 6,917 rows to table 'cleaned_electricity_production'","logger":"task.stdout"}
{"timestamp":"2025-12-02T18:31:19.929635Z","level":"info","event":"","logger":"task.stdout"}
{"timestamp":"2025-12-02T18:31:19.930114Z","level":"info","event":"Loading: oil_production -> cleaned_oil_production","logger":"task.stdout"}
{"timestamp":"2025-12-02T18:31:19.932487Z","level":"info","event":"  Rows: 750","logger":"task.stdout"}
{"timestamp":"2025-12-02T18:31:19.932910Z","level":"info","event":"  Columns: 9","logger":"task.stdout"}
{"timestamp":"2025-12-02T18:31:20.079494Z","level":"info","event":"  ✓ Loaded 750 rows to table 'cleaned_oil_production'","logger":"task.stdout"}
{"timestamp":"2025-12-02T18:31:20.080011Z","level":"info","event":"","logger":"task.stdout"}
{"timestamp":"2025-12-02T18:31:20.080484Z","level":"info","event":"Loading: energy_prod_cons -> cleaned_energy_prod_cons","logger":"task.stdout"}
{"timestamp":"2025-12-02T18:31:20.084095Z","level":"info","event":"  Rows: 1,113","logger":"task.stdout"}
{"timestamp":"2025-12-02T18:31:20.084718Z","level":"info","event":"  Columns: 10","logger":"task.stdout"}
{"timestamp":"2025-12-02T18:31:20.385442Z","level":"info","event":"  ✓ Loaded 1,113 rows to table 'cleaned_energy_prod_cons'","logger":"task.stdout"}
{"timestamp":"2025-12-02T18:31:20.400960Z","level":"info","event":"Done. Returned value was: Loaded 4 datasets to PostgreSQL","logger":"airflow.task.operators.airflow.providers.standard.operators.python.PythonOperator","filename":"python.py","lineno":218}
{"timestamp":"2025-12-02T18:31:20.401288Z","level":"info","event":"Pushing xcom","ti":"RuntimeTaskInstance(id=UUID('019ae050-9ad3-7d46-8239-3e267cf6b1bb'), task_id='load_postgres', dag_id='energy_data_etl_pipeline', run_id='scheduled__2025-12-02T00:00:00+00:00', try_number=2, dag_version_id=UUID('019a9aca-b799-7da3-8010-67e03a11011b'), map_index=-1, hostname='79cd41a900cb', context_carrier={}, task=<Task(PythonOperator): load_postgres>, bundle_instance=LocalDagBundle(name=dags-folder), max_tries=1, start_date=datetime.datetime(2025, 12, 2, 18, 31, 10, 533762, tzinfo=datetime.timezone.utc), end_date=None, state=<TaskInstanceState.RUNNING: 'running'>, is_mapped=False, rendered_map_index=None)","logger":"task","filename":"task_runner.py","lineno":1352}
{"timestamp":"2025-12-02T18:31:20.434768Z","level":"info","event":"Task instance in success state","logger":"task.stdout"}
{"timestamp":"2025-12-02T18:31:20.435180Z","level":"info","event":" Previous state of the Task instance: TaskInstanceState.RUNNING","logger":"task.stdout"}
{"timestamp":"2025-12-02T18:31:20.435668Z","level":"info","event":"Task operator:<Task(PythonOperator): load_postgres>","logger":"task.stdout"}
