{"timestamp":"2025-12-03T00:00:10.563924Z","level":"info","event":"DAG bundles loaded: dags-folder, example_dags","logger":"airflow.dag_processing.bundles.manager.DagBundlesManager","filename":"manager.py","lineno":179}
{"timestamp":"2025-12-03T00:00:10.565666Z","level":"info","event":"Filling up the DagBag from /opt/airflow/dags/energy_etl_dag.py","logger":"airflow.models.dagbag.DagBag","filename":"dagbag.py","lineno":593}
{"timestamp":"2025-12-03T00:00:10.610895Z","level":"warning","event":"The `airflow.operators.python.PythonOperator` attribute is deprecated. Please use `'airflow.providers.standard.operators.python.PythonOperator'`.","category":"DeprecatedImportWarning","filename":"/opt/airflow/dags/energy_etl_dag.py","lineno":8,"logger":"py.warnings"}
{"timestamp":"2025-12-03T00:00:10.642464Z","level":"info","event":"Task instance is in running state","logger":"task.stdout"}
{"timestamp":"2025-12-03T00:00:10.643190Z","level":"info","event":" Previous state of the Task instance: TaskInstanceState.QUEUED","logger":"task.stdout"}
{"timestamp":"2025-12-03T00:00:10.648522Z","level":"info","event":"Current task name:clean_transform","logger":"task.stdout"}
{"timestamp":"2025-12-03T00:00:10.649017Z","level":"info","event":"Dag name:energy_data_etl_pipeline","logger":"task.stdout"}
{"timestamp":"2025-12-03T00:00:10.672608Z","level":"info","event":"","logger":"task.stdout"}
{"timestamp":"2025-12-03T00:00:10.673135Z","level":"info","event":"============================================================","logger":"task.stdout"}
{"timestamp":"2025-12-03T00:00:10.676487Z","level":"info","event":"Cleaning: co2_emissions","logger":"task.stdout"}
{"timestamp":"2025-12-03T00:00:10.677169Z","level":"info","event":"============================================================","logger":"task.stdout"}
{"timestamp":"2025-12-03T00:00:10.889538Z","level":"info","event":"✓ Cleaned co2_emissions: 29384 rows (removed 0)","logger":"task.stdout"}
{"timestamp":"2025-12-03T00:00:10.890154Z","level":"info","event":"","logger":"task.stdout"}
{"timestamp":"2025-12-03T00:00:10.890579Z","level":"info","event":"============================================================","logger":"task.stdout"}
{"timestamp":"2025-12-03T00:00:10.890976Z","level":"info","event":"Cleaning: electricity_production","logger":"task.stdout"}
{"timestamp":"2025-12-03T00:00:10.891393Z","level":"info","event":"============================================================","logger":"task.stdout"}
{"timestamp":"2025-12-03T00:00:10.949355Z","level":"info","event":"✓ Cleaned electricity_production: 6917 rows (removed 0)","logger":"task.stdout"}
{"timestamp":"2025-12-03T00:00:10.949920Z","level":"info","event":"","logger":"task.stdout"}
{"timestamp":"2025-12-03T00:00:10.950356Z","level":"info","event":"============================================================","logger":"task.stdout"}
{"timestamp":"2025-12-03T00:00:10.950736Z","level":"info","event":"Cleaning: oil_production","logger":"task.stdout"}
{"timestamp":"2025-12-03T00:00:10.951243Z","level":"info","event":"============================================================","logger":"task.stdout"}
{"timestamp":"2025-12-03T00:00:10.963199Z","level":"info","event":"✓ Cleaned oil_production: 750 rows (removed 0)","logger":"task.stdout"}
{"timestamp":"2025-12-03T00:00:10.963824Z","level":"info","event":"","logger":"task.stdout"}
{"timestamp":"2025-12-03T00:00:10.964362Z","level":"info","event":"============================================================","logger":"task.stdout"}
{"timestamp":"2025-12-03T00:00:10.964956Z","level":"info","event":"Cleaning: energy_prod_cons","logger":"task.stdout"}
{"timestamp":"2025-12-03T00:00:10.965392Z","level":"info","event":"============================================================","logger":"task.stdout"}
{"timestamp":"2025-12-03T00:00:10.985267Z","level":"info","event":"✓ Cleaned energy_prod_cons: 1113 rows (removed 0)","logger":"task.stdout"}
{"timestamp":"2025-12-03T00:00:11.029198Z","level":"info","event":"Done. Returned value was: Cleaned 4 datasets","logger":"airflow.task.operators.airflow.providers.standard.operators.python.PythonOperator","filename":"python.py","lineno":218}
{"timestamp":"2025-12-03T00:00:11.029725Z","level":"info","event":"Pushing xcom","ti":"RuntimeTaskInstance(id=UUID('019ae182-3cd0-7ede-b7ee-62c393f4c7ff'), task_id='clean_transform', dag_id='energy_data_etl_pipeline', run_id='scheduled__2025-12-03T00:00:00+00:00', try_number=1, dag_version_id=UUID('019a9aca-b799-7da3-8010-67e03a11011b'), map_index=-1, hostname='79cd41a900cb', context_carrier={}, task=<Task(PythonOperator): clean_transform>, bundle_instance=LocalDagBundle(name=dags-folder), max_tries=1, start_date=datetime.datetime(2025, 12, 3, 0, 0, 9, 926984, tzinfo=datetime.timezone.utc), end_date=None, state=<TaskInstanceState.RUNNING: 'running'>, is_mapped=False, rendered_map_index=None)","logger":"task","filename":"task_runner.py","lineno":1352}
{"timestamp":"2025-12-03T00:00:11.100110Z","level":"info","event":"Task instance in success state","logger":"task.stdout"}
{"timestamp":"2025-12-03T00:00:11.100681Z","level":"info","event":" Previous state of the Task instance: TaskInstanceState.RUNNING","logger":"task.stdout"}
{"timestamp":"2025-12-03T00:00:11.101397Z","level":"info","event":"Task operator:<Task(PythonOperator): clean_transform>","logger":"task.stdout"}
