{"timestamp":"2025-12-02T18:26:01.976817Z","level":"info","event":"DAG bundles loaded: dags-folder, example_dags","logger":"airflow.dag_processing.bundles.manager.DagBundlesManager","filename":"manager.py","lineno":179}
{"timestamp":"2025-12-02T18:26:01.978350Z","level":"info","event":"Filling up the DagBag from /opt/airflow/dags/energy_etl_dag.py","logger":"airflow.models.dagbag.DagBag","filename":"dagbag.py","lineno":593}
{"timestamp":"2025-12-02T18:26:02.016398Z","level":"warning","event":"The `airflow.operators.python.PythonOperator` attribute is deprecated. Please use `'airflow.providers.standard.operators.python.PythonOperator'`.","category":"DeprecatedImportWarning","filename":"/opt/airflow/dags/energy_etl_dag.py","lineno":8,"logger":"py.warnings"}
{"timestamp":"2025-12-02T18:26:02.048548Z","level":"info","event":"Task instance is in running state","logger":"task.stdout"}
{"timestamp":"2025-12-02T18:26:02.049670Z","level":"info","event":" Previous state of the Task instance: TaskInstanceState.QUEUED","logger":"task.stdout"}
{"timestamp":"2025-12-02T18:26:02.051221Z","level":"info","event":"Current task name:clean_transform","logger":"task.stdout"}
{"timestamp":"2025-12-02T18:26:02.051717Z","level":"info","event":"Dag name:energy_data_etl_pipeline","logger":"task.stdout"}
{"timestamp":"2025-12-02T18:26:02.074061Z","level":"info","event":"","logger":"task.stdout"}
{"timestamp":"2025-12-02T18:26:02.074613Z","level":"info","event":"============================================================","logger":"task.stdout"}
{"timestamp":"2025-12-02T18:26:02.075108Z","level":"info","event":"Cleaning: co2_emissions","logger":"task.stdout"}
{"timestamp":"2025-12-02T18:26:02.075469Z","level":"info","event":"============================================================","logger":"task.stdout"}
{"timestamp":"2025-12-02T18:26:02.247755Z","level":"info","event":"✓ Cleaned co2_emissions: 29384 rows (removed 0)","logger":"task.stdout"}
{"timestamp":"2025-12-02T18:26:02.254271Z","level":"info","event":"","logger":"task.stdout"}
{"timestamp":"2025-12-02T18:26:02.255322Z","level":"info","event":"============================================================","logger":"task.stdout"}
{"timestamp":"2025-12-02T18:26:02.256139Z","level":"info","event":"Cleaning: electricity_production","logger":"task.stdout"}
{"timestamp":"2025-12-02T18:26:02.257183Z","level":"info","event":"============================================================","logger":"task.stdout"}
{"timestamp":"2025-12-02T18:26:02.300623Z","level":"info","event":"✓ Cleaned electricity_production: 6917 rows (removed 0)","logger":"task.stdout"}
{"timestamp":"2025-12-02T18:26:02.301507Z","level":"info","event":"","logger":"task.stdout"}
{"timestamp":"2025-12-02T18:26:02.302399Z","level":"info","event":"============================================================","logger":"task.stdout"}
{"timestamp":"2025-12-02T18:26:02.303705Z","level":"info","event":"Cleaning: oil_production","logger":"task.stdout"}
{"timestamp":"2025-12-02T18:26:02.304659Z","level":"info","event":"============================================================","logger":"task.stdout"}
{"timestamp":"2025-12-02T18:26:02.316604Z","level":"info","event":"✓ Cleaned oil_production: 750 rows (removed 0)","logger":"task.stdout"}
{"timestamp":"2025-12-02T18:26:02.317129Z","level":"info","event":"","logger":"task.stdout"}
{"timestamp":"2025-12-02T18:26:02.317607Z","level":"info","event":"============================================================","logger":"task.stdout"}
{"timestamp":"2025-12-02T18:26:02.318199Z","level":"info","event":"Cleaning: energy_prod_cons","logger":"task.stdout"}
{"timestamp":"2025-12-02T18:26:02.318661Z","level":"info","event":"============================================================","logger":"task.stdout"}
{"timestamp":"2025-12-02T18:26:02.336780Z","level":"info","event":"✓ Cleaned energy_prod_cons: 1113 rows (removed 0)","logger":"task.stdout"}
{"timestamp":"2025-12-02T18:26:02.375252Z","level":"info","event":"Done. Returned value was: Cleaned 4 datasets","logger":"airflow.task.operators.airflow.providers.standard.operators.python.PythonOperator","filename":"python.py","lineno":218}
{"timestamp":"2025-12-02T18:26:02.375644Z","level":"info","event":"Pushing xcom","ti":"RuntimeTaskInstance(id=UUID('019a9af0-d936-7857-9686-adc5a88790fd'), task_id='clean_transform', dag_id='energy_data_etl_pipeline', run_id='manual__2025-11-19T07:07:46.849437+00:00', try_number=1, dag_version_id=UUID('019a9aca-b799-7da3-8010-67e03a11011b'), map_index=-1, hostname='79cd41a900cb', context_carrier={}, task=<Task(PythonOperator): clean_transform>, bundle_instance=LocalDagBundle(name=dags-folder), max_tries=1, start_date=datetime.datetime(2025, 12, 2, 18, 26, 1, 198222, tzinfo=datetime.timezone.utc), end_date=None, state=<TaskInstanceState.RUNNING: 'running'>, is_mapped=False, rendered_map_index=None)","logger":"task","filename":"task_runner.py","lineno":1352}
{"timestamp":"2025-12-02T18:26:02.419172Z","level":"info","event":"Task instance in success state","logger":"task.stdout"}
{"timestamp":"2025-12-02T18:26:02.419605Z","level":"info","event":" Previous state of the Task instance: TaskInstanceState.RUNNING","logger":"task.stdout"}
{"timestamp":"2025-12-02T18:26:02.420045Z","level":"info","event":"Task operator:<Task(PythonOperator): clean_transform>","logger":"task.stdout"}
