{"timestamp":"2025-12-02T18:26:04.294783Z","level":"info","event":"DAG bundles loaded: dags-folder, example_dags","logger":"airflow.dag_processing.bundles.manager.DagBundlesManager","filename":"manager.py","lineno":179}
{"timestamp":"2025-12-02T18:26:04.295907Z","level":"info","event":"Filling up the DagBag from /opt/airflow/dags/energy_etl_dag.py","logger":"airflow.models.dagbag.DagBag","filename":"dagbag.py","lineno":593}
{"timestamp":"2025-12-02T18:26:04.329343Z","level":"warning","event":"The `airflow.operators.python.PythonOperator` attribute is deprecated. Please use `'airflow.providers.standard.operators.python.PythonOperator'`.","category":"DeprecatedImportWarning","filename":"/opt/airflow/dags/energy_etl_dag.py","lineno":8,"logger":"py.warnings"}
{"timestamp":"2025-12-02T18:26:04.353676Z","level":"info","event":"Task instance is in running state","logger":"task.stdout"}
{"timestamp":"2025-12-02T18:26:04.354058Z","level":"info","event":" Previous state of the Task instance: TaskInstanceState.QUEUED","logger":"task.stdout"}
{"timestamp":"2025-12-02T18:26:04.354424Z","level":"info","event":"Current task name:load_postgres","logger":"task.stdout"}
{"timestamp":"2025-12-02T18:26:04.354691Z","level":"info","event":"Dag name:energy_data_etl_pipeline","logger":"task.stdout"}
{"timestamp":"2025-12-02T18:26:04.375880Z","level":"info","event":"✓ Using Airflow connection: postgres_energy_data","logger":"task.stdout"}
{"timestamp":"2025-12-02T18:26:04.387540Z","level":"info","event":"","logger":"task.stdout"}
{"timestamp":"2025-12-02T18:26:04.387853Z","level":"info","event":"Loading: co2_emissions -> cleaned_co2_emissions","logger":"task.stdout"}
{"timestamp":"2025-12-02T18:26:04.418850Z","level":"info","event":"  Rows: 29,384","logger":"task.stdout"}
{"timestamp":"2025-12-02T18:26:04.419605Z","level":"info","event":"  Columns: 8","logger":"task.stdout"}
{"timestamp":"2025-12-02T18:26:10.244207Z","level":"info","event":"  ✓ Loaded 29,384 rows to table 'cleaned_co2_emissions'","logger":"task.stdout"}
{"timestamp":"2025-12-02T18:26:10.244763Z","level":"info","event":"","logger":"task.stdout"}
{"timestamp":"2025-12-02T18:26:10.245035Z","level":"info","event":"Loading: electricity_production -> cleaned_electricity_production","logger":"task.stdout"}
{"timestamp":"2025-12-02T18:26:10.252273Z","level":"info","event":"  Rows: 6,917","logger":"task.stdout"}
{"timestamp":"2025-12-02T18:26:10.252770Z","level":"info","event":"  Columns: 16","logger":"task.stdout"}
{"timestamp":"2025-12-02T18:26:12.850521Z","level":"info","event":"  ✓ Loaded 6,917 rows to table 'cleaned_electricity_production'","logger":"task.stdout"}
{"timestamp":"2025-12-02T18:26:12.850881Z","level":"info","event":"","logger":"task.stdout"}
{"timestamp":"2025-12-02T18:26:12.851129Z","level":"info","event":"Loading: oil_production -> cleaned_oil_production","logger":"task.stdout"}
{"timestamp":"2025-12-02T18:26:12.853240Z","level":"info","event":"  Rows: 750","logger":"task.stdout"}
{"timestamp":"2025-12-02T18:26:12.853557Z","level":"info","event":"  Columns: 8","logger":"task.stdout"}
{"timestamp":"2025-12-02T18:26:12.983066Z","level":"info","event":"  ✓ Loaded 750 rows to table 'cleaned_oil_production'","logger":"task.stdout"}
{"timestamp":"2025-12-02T18:26:12.983491Z","level":"info","event":"","logger":"task.stdout"}
{"timestamp":"2025-12-02T18:26:12.983763Z","level":"info","event":"Loading: energy_prod_cons -> cleaned_energy_prod_cons","logger":"task.stdout"}
{"timestamp":"2025-12-02T18:26:12.986174Z","level":"info","event":"  Rows: 1,113","logger":"task.stdout"}
{"timestamp":"2025-12-02T18:26:12.986524Z","level":"info","event":"  Columns: 9","logger":"task.stdout"}
{"timestamp":"2025-12-02T18:26:13.299741Z","level":"info","event":"  ✓ Loaded 1,113 rows to table 'cleaned_energy_prod_cons'","logger":"task.stdout"}
{"timestamp":"2025-12-02T18:26:13.313092Z","level":"info","event":"Done. Returned value was: Loaded 4 datasets to PostgreSQL","logger":"airflow.task.operators.airflow.providers.standard.operators.python.PythonOperator","filename":"python.py","lineno":218}
{"timestamp":"2025-12-02T18:26:13.313373Z","level":"info","event":"Pushing xcom","ti":"RuntimeTaskInstance(id=UUID('019a9af0-d937-702e-a53b-e60be4b4f12d'), task_id='load_postgres', dag_id='energy_data_etl_pipeline', run_id='manual__2025-11-19T07:07:46.849437+00:00', try_number=1, dag_version_id=UUID('019a9aca-b799-7da3-8010-67e03a11011b'), map_index=-1, hostname='79cd41a900cb', context_carrier={}, task=<Task(PythonOperator): load_postgres>, bundle_instance=LocalDagBundle(name=dags-folder), max_tries=1, start_date=datetime.datetime(2025, 12, 2, 18, 26, 3, 717502, tzinfo=datetime.timezone.utc), end_date=None, state=<TaskInstanceState.RUNNING: 'running'>, is_mapped=False, rendered_map_index=None)","logger":"task","filename":"task_runner.py","lineno":1352}
{"timestamp":"2025-12-02T18:26:13.345560Z","level":"info","event":"Task instance in success state","logger":"task.stdout"}
{"timestamp":"2025-12-02T18:26:13.345985Z","level":"info","event":" Previous state of the Task instance: TaskInstanceState.RUNNING","logger":"task.stdout"}
{"timestamp":"2025-12-02T18:26:13.346371Z","level":"info","event":"Task operator:<Task(PythonOperator): load_postgres>","logger":"task.stdout"}
