{"timestamp":"2025-12-03T01:58:39.051970Z","level":"info","event":"DAG bundles loaded: dags-folder, example_dags","logger":"airflow.dag_processing.bundles.manager.DagBundlesManager","filename":"manager.py","lineno":179}
{"timestamp":"2025-12-03T01:58:39.055293Z","level":"info","event":"Filling up the DagBag from /opt/airflow/dags/energy_etl_dag.py","logger":"airflow.models.dagbag.DagBag","filename":"dagbag.py","lineno":593}
{"timestamp":"2025-12-03T01:58:39.117744Z","level":"warning","event":"The `airflow.operators.python.PythonOperator` attribute is deprecated. Please use `'airflow.providers.standard.operators.python.PythonOperator'`.","category":"DeprecatedImportWarning","filename":"/opt/airflow/dags/energy_etl_dag.py","lineno":8,"logger":"py.warnings"}
{"timestamp":"2025-12-03T01:58:39.152948Z","level":"info","event":"Task instance is in running state","logger":"task.stdout"}
{"timestamp":"2025-12-03T01:58:39.153710Z","level":"info","event":" Previous state of the Task instance: TaskInstanceState.QUEUED","logger":"task.stdout"}
{"timestamp":"2025-12-03T01:58:39.154512Z","level":"info","event":"Current task name:clean_transform","logger":"task.stdout"}
{"timestamp":"2025-12-03T01:58:39.155021Z","level":"info","event":"Dag name:energy_data_etl_pipeline","logger":"task.stdout"}
{"timestamp":"2025-12-03T01:58:39.182807Z","level":"info","event":"","logger":"task.stdout"}
{"timestamp":"2025-12-03T01:58:39.183398Z","level":"info","event":"============================================================","logger":"task.stdout"}
{"timestamp":"2025-12-03T01:58:39.185304Z","level":"info","event":"Cleaning: co2_emissions","logger":"task.stdout"}
{"timestamp":"2025-12-03T01:58:39.186047Z","level":"info","event":"============================================================","logger":"task.stdout"}
{"timestamp":"2025-12-03T01:58:39.365658Z","level":"info","event":"  ✓ Filtered to Italy only: 165 rows","logger":"task.stdout"}
{"timestamp":"2025-12-03T01:58:39.371823Z","level":"info","event":"✓ Cleaned co2_emissions: 165 rows (removed 29219)","logger":"task.stdout"}
{"timestamp":"2025-12-03T01:58:39.372298Z","level":"info","event":"","logger":"task.stdout"}
{"timestamp":"2025-12-03T01:58:39.372759Z","level":"info","event":"============================================================","logger":"task.stdout"}
{"timestamp":"2025-12-03T01:58:39.373148Z","level":"info","event":"Cleaning: electricity_production","logger":"task.stdout"}
{"timestamp":"2025-12-03T01:58:39.373555Z","level":"info","event":"============================================================","logger":"task.stdout"}
{"timestamp":"2025-12-03T01:58:39.398893Z","level":"info","event":"  ✓ Filtered to Italy only: 40 rows","logger":"task.stdout"}
{"timestamp":"2025-12-03T01:58:39.404377Z","level":"info","event":"✓ Cleaned electricity_production: 40 rows (removed 6877)","logger":"task.stdout"}
{"timestamp":"2025-12-03T01:58:39.404966Z","level":"info","event":"","logger":"task.stdout"}
{"timestamp":"2025-12-03T01:58:39.405400Z","level":"info","event":"============================================================","logger":"task.stdout"}
{"timestamp":"2025-12-03T01:58:39.405718Z","level":"info","event":"Cleaning: oil_production","logger":"task.stdout"}
{"timestamp":"2025-12-03T01:58:39.406089Z","level":"info","event":"============================================================","logger":"task.stdout"}
{"timestamp":"2025-12-03T01:58:39.413106Z","level":"info","event":"  ✓ Filtered to Italy only: 125 rows","logger":"task.stdout"}
{"timestamp":"2025-12-03T01:58:39.415940Z","level":"info","event":"✓ Cleaned oil_production: 125 rows (removed 625)","logger":"task.stdout"}
{"timestamp":"2025-12-03T01:58:39.416473Z","level":"info","event":"","logger":"task.stdout"}
{"timestamp":"2025-12-03T01:58:39.416947Z","level":"info","event":"============================================================","logger":"task.stdout"}
{"timestamp":"2025-12-03T01:58:39.417340Z","level":"info","event":"Cleaning: energy_prod_cons","logger":"task.stdout"}
{"timestamp":"2025-12-03T01:58:39.418029Z","level":"info","event":"============================================================","logger":"task.stdout"}
{"timestamp":"2025-12-03T01:58:39.426712Z","level":"info","event":"  ✓ Filtered to Italy only: 26 rows","logger":"task.stdout"}
{"timestamp":"2025-12-03T01:58:39.430343Z","level":"info","event":"✓ Cleaned energy_prod_cons: 26 rows (removed 1087)","logger":"task.stdout"}
{"timestamp":"2025-12-03T01:58:39.460649Z","level":"info","event":"Done. Returned value was: Cleaned 4 datasets","logger":"airflow.task.operators.airflow.providers.standard.operators.python.PythonOperator","filename":"python.py","lineno":218}
{"timestamp":"2025-12-03T01:58:39.462004Z","level":"info","event":"Pushing xcom","ti":"RuntimeTaskInstance(id=UUID('019ae1ee-c2ee-7fd1-8fd4-65a8813a0e0a'), task_id='clean_transform', dag_id='energy_data_etl_pipeline', run_id='manual__2025-12-03T01:58:32.344398+00:00', try_number=1, dag_version_id=UUID('019a9aca-b799-7da3-8010-67e03a11011b'), map_index=-1, hostname='79cd41a900cb', context_carrier={}, task=<Task(PythonOperator): clean_transform>, bundle_instance=LocalDagBundle(name=dags-folder), max_tries=1, start_date=datetime.datetime(2025, 12, 3, 1, 58, 38, 363735, tzinfo=datetime.timezone.utc), end_date=None, state=<TaskInstanceState.RUNNING: 'running'>, is_mapped=False, rendered_map_index=None)","logger":"task","filename":"task_runner.py","lineno":1352}
{"timestamp":"2025-12-03T01:58:39.493879Z","level":"info","event":"Task instance in success state","logger":"task.stdout"}
{"timestamp":"2025-12-03T01:58:39.495247Z","level":"info","event":" Previous state of the Task instance: TaskInstanceState.RUNNING","logger":"task.stdout"}
{"timestamp":"2025-12-03T01:58:39.495913Z","level":"info","event":"Task operator:<Task(PythonOperator): clean_transform>","logger":"task.stdout"}
