{"timestamp":"2025-12-02T18:28:00.491238Z","level":"info","event":"DAG bundles loaded: dags-folder, example_dags","logger":"airflow.dag_processing.bundles.manager.DagBundlesManager","filename":"manager.py","lineno":179}
{"timestamp":"2025-12-02T18:28:00.492883Z","level":"info","event":"Filling up the DagBag from /opt/airflow/dags/energy_etl_dag.py","logger":"airflow.models.dagbag.DagBag","filename":"dagbag.py","lineno":593}
{"timestamp":"2025-12-02T18:28:00.585356Z","level":"warning","event":"The `airflow.operators.python.PythonOperator` attribute is deprecated. Please use `'airflow.providers.standard.operators.python.PythonOperator'`.","category":"DeprecatedImportWarning","filename":"/opt/airflow/dags/energy_etl_dag.py","lineno":8,"logger":"py.warnings"}
{"timestamp":"2025-12-02T18:28:00.620690Z","level":"info","event":"Task instance is in running state","logger":"task.stdout"}
{"timestamp":"2025-12-02T18:28:00.624086Z","level":"info","event":" Previous state of the Task instance: TaskInstanceState.QUEUED","logger":"task.stdout"}
{"timestamp":"2025-12-02T18:28:00.633477Z","level":"info","event":"Current task name:load_postgres","logger":"task.stdout"}
{"timestamp":"2025-12-02T18:28:00.635476Z","level":"info","event":"Dag name:energy_data_etl_pipeline","logger":"task.stdout"}
{"timestamp":"2025-12-02T18:28:00.654895Z","level":"info","event":"✓ Using Airflow connection: postgres_energy_data","logger":"task.stdout"}
{"timestamp":"2025-12-02T18:28:00.697190Z","level":"info","event":"","logger":"task.stdout"}
{"timestamp":"2025-12-02T18:28:00.700726Z","level":"info","event":"Loading: co2_emissions -> cleaned_co2_emissions","logger":"task.stdout"}
{"timestamp":"2025-12-02T18:28:00.769519Z","level":"info","event":"  Rows: 29,384","logger":"task.stdout"}
{"timestamp":"2025-12-02T18:28:00.773555Z","level":"info","event":"  Columns: 8","logger":"task.stdout"}
{"timestamp":"2025-12-02T18:28:09.285961Z","level":"info","event":"  ✓ Loaded 29,384 rows to table 'cleaned_co2_emissions'","logger":"task.stdout"}
{"timestamp":"2025-12-02T18:28:09.288777Z","level":"info","event":"","logger":"task.stdout"}
{"timestamp":"2025-12-02T18:28:09.290436Z","level":"info","event":"Loading: electricity_production -> cleaned_electricity_production","logger":"task.stdout"}
{"timestamp":"2025-12-02T18:28:09.302837Z","level":"info","event":"  Rows: 6,917","logger":"task.stdout"}
{"timestamp":"2025-12-02T18:28:09.307870Z","level":"info","event":"  Columns: 16","logger":"task.stdout"}
{"timestamp":"2025-12-02T18:28:14.955591Z","level":"info","event":"  ✓ Loaded 6,917 rows to table 'cleaned_electricity_production'","logger":"task.stdout"}
{"timestamp":"2025-12-02T18:28:14.956279Z","level":"info","event":"","logger":"task.stdout"}
{"timestamp":"2025-12-02T18:28:14.956813Z","level":"info","event":"Loading: oil_production -> cleaned_oil_production","logger":"task.stdout"}
{"timestamp":"2025-12-02T18:28:14.963095Z","level":"info","event":"  Rows: 750","logger":"task.stdout"}
{"timestamp":"2025-12-02T18:28:14.963699Z","level":"info","event":"  Columns: 8","logger":"task.stdout"}
{"timestamp":"2025-12-02T18:28:15.197492Z","level":"info","event":"  ✓ Loaded 750 rows to table 'cleaned_oil_production'","logger":"task.stdout"}
{"timestamp":"2025-12-02T18:28:15.198795Z","level":"info","event":"","logger":"task.stdout"}
{"timestamp":"2025-12-02T18:28:15.199276Z","level":"info","event":"Loading: energy_prod_cons -> cleaned_energy_prod_cons","logger":"task.stdout"}
{"timestamp":"2025-12-02T18:28:15.201165Z","level":"info","event":"  Rows: 1,113","logger":"task.stdout"}
{"timestamp":"2025-12-02T18:28:15.201536Z","level":"info","event":"  Columns: 9","logger":"task.stdout"}
{"timestamp":"2025-12-02T18:28:15.494326Z","level":"info","event":"  ✓ Loaded 1,113 rows to table 'cleaned_energy_prod_cons'","logger":"task.stdout"}
{"timestamp":"2025-12-02T18:28:15.516144Z","level":"info","event":"Done. Returned value was: Loaded 4 datasets to PostgreSQL","logger":"airflow.task.operators.airflow.providers.standard.operators.python.PythonOperator","filename":"python.py","lineno":218}
{"timestamp":"2025-12-02T18:28:15.516698Z","level":"info","event":"Pushing xcom","ti":"RuntimeTaskInstance(id=UUID('019ae052-350b-72c8-b4b9-eabef999457c'), task_id='load_postgres', dag_id='energy_data_etl_pipeline', run_id='manual__2025-12-02T18:27:54.075368+00:00_OtCxg9GD', try_number=1, dag_version_id=UUID('019a9aca-b799-7da3-8010-67e03a11011b'), map_index=-1, hostname='79cd41a900cb', context_carrier={}, task=<Task(PythonOperator): load_postgres>, bundle_instance=LocalDagBundle(name=dags-folder), max_tries=1, start_date=datetime.datetime(2025, 12, 2, 18, 27, 59, 837175, tzinfo=datetime.timezone.utc), end_date=None, state=<TaskInstanceState.RUNNING: 'running'>, is_mapped=False, rendered_map_index=None)","logger":"task","filename":"task_runner.py","lineno":1352}
{"timestamp":"2025-12-02T18:28:15.563281Z","level":"info","event":"Task instance in success state","logger":"task.stdout"}
{"timestamp":"2025-12-02T18:28:15.566145Z","level":"info","event":" Previous state of the Task instance: TaskInstanceState.RUNNING","logger":"task.stdout"}
{"timestamp":"2025-12-02T18:28:15.566946Z","level":"info","event":"Task operator:<Task(PythonOperator): load_postgres>","logger":"task.stdout"}
