{"timestamp":"2025-11-18T23:22:35.965457Z","level":"info","event":"DAG bundles loaded: dags-folder, example_dags","logger":"airflow.dag_processing.bundles.manager.DagBundlesManager","filename":"manager.py","lineno":179}
{"timestamp":"2025-11-18T23:22:35.967188Z","level":"info","event":"Filling up the DagBag from /opt/airflow/dags/energy_etl_dag.py","logger":"airflow.models.dagbag.DagBag","filename":"dagbag.py","lineno":593}
{"timestamp":"2025-11-18T23:22:36.104967Z","level":"warning","event":"The `airflow.operators.python.PythonOperator` attribute is deprecated. Please use `'airflow.providers.standard.operators.python.PythonOperator'`.","category":"DeprecatedImportWarning","filename":"/opt/airflow/dags/energy_etl_dag.py","lineno":8,"logger":"py.warnings"}
{"timestamp":"2025-11-18T23:22:36.145674Z","level":"info","event":"Task instance is in running state","logger":"task.stdout"}
{"timestamp":"2025-11-18T23:22:36.146174Z","level":"info","event":" Previous state of the Task instance: TaskInstanceState.QUEUED","logger":"task.stdout"}
{"timestamp":"2025-11-18T23:22:36.146474Z","level":"info","event":"Current task name:load_data","logger":"task.stdout"}
{"timestamp":"2025-11-18T23:22:36.146786Z","level":"info","event":"Dag name:energy_data_etl_pipeline","logger":"task.stdout"}
{"timestamp":"2025-11-18T23:22:36.193178Z","level":"info","event":"✓ Loaded co2_emissions: 29384 rows, 4 columns","logger":"task.stdout"}
{"timestamp":"2025-11-18T23:22:36.197089Z","level":"info","event":"✓ Metadata loaded for co2_emissions","logger":"task.stdout"}
{"timestamp":"2025-11-18T23:22:36.211592Z","level":"info","event":"✓ Loaded electricity_production: 6917 rows, 12 columns","logger":"task.stdout"}
{"timestamp":"2025-11-18T23:22:36.215241Z","level":"info","event":"✓ Metadata loaded for electricity_production","logger":"task.stdout"}
{"timestamp":"2025-11-18T23:22:36.218596Z","level":"info","event":"✓ Loaded oil_production: 750 rows, 4 columns","logger":"task.stdout"}
{"timestamp":"2025-11-18T23:22:36.221918Z","level":"info","event":"✓ Metadata loaded for oil_production","logger":"task.stdout"}
{"timestamp":"2025-11-18T23:22:36.225812Z","level":"info","event":"✓ Loaded energy_prod_cons: 1113 rows, 5 columns","logger":"task.stdout"}
{"timestamp":"2025-11-18T23:22:36.227366Z","level":"info","event":"✗ Error loading nymex_gas_prices: [Errno 2] No such file or directory: '/opt/airflow/dags/data/NYMEX_DL_TTF1 1D.csv'","logger":"task.stdout"}
{"timestamp":"2025-11-18T23:22:36.227644Z","level":"error","event":"Task failed with exception","logger":"task","filename":"task_runner.py","lineno":994,"error_detail":[{"exc_type":"FileNotFoundError","exc_value":"[Errno 2] No such file or directory: '/opt/airflow/dags/data/NYMEX_DL_TTF1 1D.csv'","exc_notes":[],"syntax_error":null,"is_cause":false,"frames":[{"filename":"/home/airflow/.local/lib/python3.12/site-packages/airflow/sdk/execution_time/task_runner.py","lineno":920,"name":"run"},{"filename":"/home/airflow/.local/lib/python3.12/site-packages/airflow/sdk/execution_time/task_runner.py","lineno":1307,"name":"_execute_task"},{"filename":"/home/airflow/.local/lib/python3.12/site-packages/airflow/sdk/bases/operator.py","lineno":416,"name":"wrapper"},{"filename":"/home/airflow/.local/lib/python3.12/site-packages/airflow/providers/standard/operators/python.py","lineno":216,"name":"execute"},{"filename":"/home/airflow/.local/lib/python3.12/site-packages/airflow/providers/standard/operators/python.py","lineno":239,"name":"execute_callable"},{"filename":"/home/airflow/.local/lib/python3.12/site-packages/airflow/sdk/execution_time/callback_runner.py","lineno":82,"name":"run"},{"filename":"/opt/airflow/dags/energy_etl_dag.py","lineno":71,"name":"load_data_and_metadata"},{"filename":"/home/airflow/.local/lib/python3.12/site-packages/pandas/io/parsers/readers.py","lineno":948,"name":"read_csv"},{"filename":"/home/airflow/.local/lib/python3.12/site-packages/pandas/io/parsers/readers.py","lineno":611,"name":"_read"},{"filename":"/home/airflow/.local/lib/python3.12/site-packages/pandas/io/parsers/readers.py","lineno":1448,"name":"__init__"},{"filename":"/home/airflow/.local/lib/python3.12/site-packages/pandas/io/parsers/readers.py","lineno":1705,"name":"_make_engine"},{"filename":"/home/airflow/.local/lib/python3.12/site-packages/pandas/io/common.py","lineno":863,"name":"get_handle"}],"is_group":false,"exceptions":[]}]}
{"timestamp":"2025-11-18T23:22:36.253775Z","level":"info","event":"Task instance in failure state","logger":"task.stdout"}
{"timestamp":"2025-11-18T23:22:36.254287Z","level":"info","event":"Task start","logger":"task.stdout"}
{"timestamp":"2025-11-18T23:22:36.254600Z","level":"info","event":"Task:<Task(PythonOperator): load_data>","logger":"task.stdout"}
{"timestamp":"2025-11-18T23:22:36.254849Z","level":"info","event":"Failure caused by [Errno 2] No such file or directory: '/opt/airflow/dags/data/NYMEX_DL_TTF1 1D.csv'","logger":"task.stdout"}
