{"timestamp":"2025-12-02T18:27:59.286148Z","level":"info","event":"DAG bundles loaded: dags-folder, example_dags","logger":"airflow.dag_processing.bundles.manager.DagBundlesManager","filename":"manager.py","lineno":179}
{"timestamp":"2025-12-02T18:27:59.288241Z","level":"info","event":"Filling up the DagBag from /opt/airflow/dags/energy_etl_dag.py","logger":"airflow.models.dagbag.DagBag","filename":"dagbag.py","lineno":593}
{"timestamp":"2025-12-02T18:27:59.330521Z","level":"warning","event":"The `airflow.operators.python.PythonOperator` attribute is deprecated. Please use `'airflow.providers.standard.operators.python.PythonOperator'`.","category":"DeprecatedImportWarning","filename":"/opt/airflow/dags/energy_etl_dag.py","lineno":8,"logger":"py.warnings"}
{"timestamp":"2025-12-02T18:27:59.353490Z","level":"info","event":"Task instance is in running state","logger":"task.stdout"}
{"timestamp":"2025-12-02T18:27:59.353912Z","level":"info","event":" Previous state of the Task instance: TaskInstanceState.QUEUED","logger":"task.stdout"}
{"timestamp":"2025-12-02T18:27:59.354323Z","level":"info","event":"Current task name:clean_transform","logger":"task.stdout"}
{"timestamp":"2025-12-02T18:27:59.354632Z","level":"info","event":"Dag name:energy_data_etl_pipeline","logger":"task.stdout"}
{"timestamp":"2025-12-02T18:27:59.367865Z","level":"info","event":"","logger":"task.stdout"}
{"timestamp":"2025-12-02T18:27:59.368323Z","level":"info","event":"============================================================","logger":"task.stdout"}
{"timestamp":"2025-12-02T18:27:59.368643Z","level":"info","event":"Cleaning: co2_emissions","logger":"task.stdout"}
{"timestamp":"2025-12-02T18:27:59.368915Z","level":"info","event":"============================================================","logger":"task.stdout"}
{"timestamp":"2025-12-02T18:27:59.500488Z","level":"info","event":"✓ Cleaned co2_emissions: 29384 rows (removed 0)","logger":"task.stdout"}
{"timestamp":"2025-12-02T18:27:59.501007Z","level":"info","event":"","logger":"task.stdout"}
{"timestamp":"2025-12-02T18:27:59.501376Z","level":"info","event":"============================================================","logger":"task.stdout"}
{"timestamp":"2025-12-02T18:27:59.501808Z","level":"info","event":"Cleaning: electricity_production","logger":"task.stdout"}
{"timestamp":"2025-12-02T18:27:59.502207Z","level":"info","event":"============================================================","logger":"task.stdout"}
{"timestamp":"2025-12-02T18:27:59.549176Z","level":"info","event":"✓ Cleaned electricity_production: 6917 rows (removed 0)","logger":"task.stdout"}
{"timestamp":"2025-12-02T18:27:59.549623Z","level":"info","event":"","logger":"task.stdout"}
{"timestamp":"2025-12-02T18:27:59.549986Z","level":"info","event":"============================================================","logger":"task.stdout"}
{"timestamp":"2025-12-02T18:27:59.552014Z","level":"info","event":"Cleaning: oil_production","logger":"task.stdout"}
{"timestamp":"2025-12-02T18:27:59.552778Z","level":"info","event":"============================================================","logger":"task.stdout"}
{"timestamp":"2025-12-02T18:27:59.566619Z","level":"info","event":"✓ Cleaned oil_production: 750 rows (removed 0)","logger":"task.stdout"}
{"timestamp":"2025-12-02T18:27:59.567845Z","level":"info","event":"","logger":"task.stdout"}
{"timestamp":"2025-12-02T18:27:59.568306Z","level":"info","event":"============================================================","logger":"task.stdout"}
{"timestamp":"2025-12-02T18:27:59.568767Z","level":"info","event":"Cleaning: energy_prod_cons","logger":"task.stdout"}
{"timestamp":"2025-12-02T18:27:59.569073Z","level":"info","event":"============================================================","logger":"task.stdout"}
{"timestamp":"2025-12-02T18:27:59.587871Z","level":"info","event":"✓ Cleaned energy_prod_cons: 1113 rows (removed 0)","logger":"task.stdout"}
{"timestamp":"2025-12-02T18:27:59.617088Z","level":"info","event":"Done. Returned value was: Cleaned 4 datasets","logger":"airflow.task.operators.airflow.providers.standard.operators.python.PythonOperator","filename":"python.py","lineno":218}
{"timestamp":"2025-12-02T18:27:59.617414Z","level":"info","event":"Pushing xcom","ti":"RuntimeTaskInstance(id=UUID('019ae052-350a-7aef-8425-58f006d400ac'), task_id='clean_transform', dag_id='energy_data_etl_pipeline', run_id='manual__2025-12-02T18:27:54.075368+00:00_OtCxg9GD', try_number=1, dag_version_id=UUID('019a9aca-b799-7da3-8010-67e03a11011b'), map_index=-1, hostname='79cd41a900cb', context_carrier={}, task=<Task(PythonOperator): clean_transform>, bundle_instance=LocalDagBundle(name=dags-folder), max_tries=1, start_date=datetime.datetime(2025, 12, 2, 18, 27, 58, 642238, tzinfo=datetime.timezone.utc), end_date=None, state=<TaskInstanceState.RUNNING: 'running'>, is_mapped=False, rendered_map_index=None)","logger":"task","filename":"task_runner.py","lineno":1352}
{"timestamp":"2025-12-02T18:27:59.655260Z","level":"info","event":"Task instance in success state","logger":"task.stdout"}
{"timestamp":"2025-12-02T18:27:59.655785Z","level":"info","event":" Previous state of the Task instance: TaskInstanceState.RUNNING","logger":"task.stdout"}
{"timestamp":"2025-12-02T18:27:59.656243Z","level":"info","event":"Task operator:<Task(PythonOperator): clean_transform>","logger":"task.stdout"}
