{"timestamp":"2025-12-02T18:31:50.202068Z","level":"info","event":"DAG bundles loaded: dags-folder, example_dags","logger":"airflow.dag_processing.bundles.manager.DagBundlesManager","filename":"manager.py","lineno":179}
{"timestamp":"2025-12-02T18:31:50.203734Z","level":"info","event":"Filling up the DagBag from /opt/airflow/dags/energy_etl_dag.py","logger":"airflow.models.dagbag.DagBag","filename":"dagbag.py","lineno":593}
{"timestamp":"2025-12-02T18:31:50.238867Z","level":"warning","event":"The `airflow.operators.python.PythonOperator` attribute is deprecated. Please use `'airflow.providers.standard.operators.python.PythonOperator'`.","category":"DeprecatedImportWarning","filename":"/opt/airflow/dags/energy_etl_dag.py","lineno":8,"logger":"py.warnings"}
{"timestamp":"2025-12-02T18:31:50.261161Z","level":"info","event":"Task instance is in running state","logger":"task.stdout"}
{"timestamp":"2025-12-02T18:31:50.266418Z","level":"info","event":" Previous state of the Task instance: TaskInstanceState.QUEUED","logger":"task.stdout"}
{"timestamp":"2025-12-02T18:31:50.267070Z","level":"info","event":"Current task name:load_postgres","logger":"task.stdout"}
{"timestamp":"2025-12-02T18:31:50.267420Z","level":"info","event":"Dag name:energy_data_etl_pipeline","logger":"task.stdout"}
{"timestamp":"2025-12-02T18:31:50.277338Z","level":"info","event":"✓ Using Airflow connection: postgres_energy_data","logger":"task.stdout"}
{"timestamp":"2025-12-02T18:31:50.288405Z","level":"info","event":"","logger":"task.stdout"}
{"timestamp":"2025-12-02T18:31:50.288822Z","level":"info","event":"Loading: co2_emissions -> cleaned_co2_emissions","logger":"task.stdout"}
{"timestamp":"2025-12-02T18:31:50.324824Z","level":"info","event":"  Rows: 29,384","logger":"task.stdout"}
{"timestamp":"2025-12-02T18:31:50.325312Z","level":"info","event":"  Columns: 9","logger":"task.stdout"}
{"timestamp":"2025-12-02T18:31:57.122481Z","level":"info","event":"  ✓ Loaded 29,384 rows to table 'cleaned_co2_emissions'","logger":"task.stdout"}
{"timestamp":"2025-12-02T18:31:57.122961Z","level":"info","event":"","logger":"task.stdout"}
{"timestamp":"2025-12-02T18:31:57.123313Z","level":"info","event":"Loading: electricity_production -> cleaned_electricity_production","logger":"task.stdout"}
{"timestamp":"2025-12-02T18:31:57.130969Z","level":"info","event":"  Rows: 6,917","logger":"task.stdout"}
{"timestamp":"2025-12-02T18:31:57.131598Z","level":"info","event":"  Columns: 17","logger":"task.stdout"}
{"timestamp":"2025-12-02T18:31:59.517678Z","level":"info","event":"  ✓ Loaded 6,917 rows to table 'cleaned_electricity_production'","logger":"task.stdout"}
{"timestamp":"2025-12-02T18:31:59.518190Z","level":"info","event":"","logger":"task.stdout"}
{"timestamp":"2025-12-02T18:31:59.518703Z","level":"info","event":"Loading: oil_production -> cleaned_oil_production","logger":"task.stdout"}
{"timestamp":"2025-12-02T18:31:59.521213Z","level":"info","event":"  Rows: 750","logger":"task.stdout"}
{"timestamp":"2025-12-02T18:31:59.521646Z","level":"info","event":"  Columns: 9","logger":"task.stdout"}
{"timestamp":"2025-12-02T18:31:59.637042Z","level":"info","event":"  ✓ Loaded 750 rows to table 'cleaned_oil_production'","logger":"task.stdout"}
{"timestamp":"2025-12-02T18:31:59.637530Z","level":"info","event":"","logger":"task.stdout"}
{"timestamp":"2025-12-02T18:31:59.637937Z","level":"info","event":"Loading: energy_prod_cons -> cleaned_energy_prod_cons","logger":"task.stdout"}
{"timestamp":"2025-12-02T18:31:59.640476Z","level":"info","event":"  Rows: 1,113","logger":"task.stdout"}
{"timestamp":"2025-12-02T18:31:59.641031Z","level":"info","event":"  Columns: 10","logger":"task.stdout"}
{"timestamp":"2025-12-02T18:31:59.846230Z","level":"info","event":"  ✓ Loaded 1,113 rows to table 'cleaned_energy_prod_cons'","logger":"task.stdout"}
{"timestamp":"2025-12-02T18:31:59.860165Z","level":"info","event":"Done. Returned value was: Loaded 4 datasets to PostgreSQL","logger":"airflow.task.operators.airflow.providers.standard.operators.python.PythonOperator","filename":"python.py","lineno":218}
{"timestamp":"2025-12-02T18:31:59.860473Z","level":"info","event":"Pushing xcom","ti":"RuntimeTaskInstance(id=UUID('019ae055-be44-743a-9ed8-5054c4a72d6f'), task_id='load_postgres', dag_id='energy_data_etl_pipeline', run_id='manual__2025-12-02T18:31:46.019231+00:00_Uv9Dw0Gw', try_number=1, dag_version_id=UUID('019a9aca-b799-7da3-8010-67e03a11011b'), map_index=-1, hostname='79cd41a900cb', context_carrier={}, task=<Task(PythonOperator): load_postgres>, bundle_instance=LocalDagBundle(name=dags-folder), max_tries=1, start_date=datetime.datetime(2025, 12, 2, 18, 31, 49, 727245, tzinfo=datetime.timezone.utc), end_date=None, state=<TaskInstanceState.RUNNING: 'running'>, is_mapped=False, rendered_map_index=None)","logger":"task","filename":"task_runner.py","lineno":1352}
{"timestamp":"2025-12-02T18:31:59.888114Z","level":"info","event":"Task instance in success state","logger":"task.stdout"}
{"timestamp":"2025-12-02T18:31:59.888538Z","level":"info","event":" Previous state of the Task instance: TaskInstanceState.RUNNING","logger":"task.stdout"}
{"timestamp":"2025-12-02T18:31:59.888908Z","level":"info","event":"Task operator:<Task(PythonOperator): load_postgres>","logger":"task.stdout"}
